2025-08-25 12:51:30,502 [Worker-8: Building] INFO  o.e.m.w.i.f.ResourceFilteringBuildParticipant - Changed resources require a complete clean of filtered resources of EduPjt_20240830_LAST
2025-08-25 12:51:30,510 [Worker-8: Building] INFO  o.e.m.w.i.f.ResourceFilteringBuildParticipant - Executing resource filtering for EduPjt_20240830_LAST
2025-08-26 11:04:02,054 [Worker-32: Cleaning all projects] INFO  o.e.m.w.i.f.ResourceFilteringBuildParticipant - Cleaning filtered folder for EduPjt_20240830_LAST
2025-08-26 11:04:02,384 [Worker-32: Building] INFO  o.e.m.w.i.f.ResourceFilteringBuildParticipant - Changed resources require a complete clean of filtered resources of EduPjt_20240830_LAST
2025-08-26 11:04:02,385 [Worker-32: Building] INFO  o.e.m.w.i.f.ResourceFilteringBuildParticipant - Executing resource filtering for EduPjt_20240830_LAST
2025-08-26 13:43:36,117 [Worker-27: Cleaning all projects] INFO  o.e.m.w.i.f.ResourceFilteringBuildParticipant - Cleaning filtered folder for EduPjt_20240830_LAST
2025-08-26 13:43:36,512 [Worker-27: Building] INFO  o.e.m.w.i.f.ResourceFilteringBuildParticipant - Changed resources require a complete clean of filtered resources of EduPjt_20240830_LAST
2025-08-26 13:43:36,513 [Worker-27: Building] INFO  o.e.m.w.i.f.ResourceFilteringBuildParticipant - Executing resource filtering for EduPjt_20240830_LAST
2025-08-28 11:11:20,818 [Worker-85: Cleaning all projects] INFO  o.e.m.w.i.f.ResourceFilteringBuildParticipant - Cleaning filtered folder for EduPjt_20240830_LAST
2025-08-28 11:11:30,058 [Worker-95: Building] INFO  o.e.m.w.i.f.ResourceFilteringBuildParticipant - Changed resources require a complete clean of filtered resources of EduPjt_20240830_LAST
2025-08-28 11:11:30,197 [Worker-95: Building] INFO  o.e.m.w.i.f.ResourceFilteringBuildParticipant - Executing resource filtering for EduPjt_20240830_LAST
2025-09-08 11:29:40,080 [Worker-40: Building] INFO  o.e.m.w.i.f.ResourceFilteringBuildParticipant - Changed resources require a complete clean of filtered resources of EduPjt_20240830_LAST
2025-09-08 11:29:40,086 [Worker-40: Building] INFO  o.e.m.w.i.f.ResourceFilteringBuildParticipant - Executing resource filtering for EduPjt_20240830_LAST
2025-09-08 11:33:43,284 [Worker-40: Building] INFO  o.e.m.w.i.f.ResourceFilteringBuildParticipant - Changed resources require a complete clean of filtered resources of EduPjt_20240830_LAST
2025-09-08 11:33:43,284 [Worker-40: Building] INFO  o.e.m.w.i.f.ResourceFilteringBuildParticipant - Executing resource filtering for EduPjt_20240830_LAST
2025-09-08 11:35:03,625 [Worker-40: Building] INFO  o.e.m.w.i.f.ResourceFilteringBuildParticipant - Changed resources require a complete clean of filtered resources of EduPjt_20240830_LAST
2025-09-08 11:35:03,625 [Worker-40: Building] INFO  o.e.m.w.i.f.ResourceFilteringBuildParticipant - Executing resource filtering for EduPjt_20240830_LAST
2025-09-08 11:36:33,853 [Worker-49: Building] INFO  o.e.m.w.i.f.ResourceFilteringBuildParticipant - Changed resources require a complete clean of filtered resources of EduPjt_20240830_LAST
2025-09-08 11:36:33,855 [Worker-49: Building] INFO  o.e.m.w.i.f.ResourceFilteringBuildParticipant - Executing resource filtering for EduPjt_20240830_LAST
2025-09-08 11:37:13,156 [Worker-75: Building] INFO  o.e.m.w.i.f.ResourceFilteringBuildParticipant - Changed resources require a complete clean of filtered resources of EduPjt_20240830_LAST
2025-09-08 11:37:13,157 [Worker-75: Building] INFO  o.e.m.w.i.f.ResourceFilteringBuildParticipant - Executing resource filtering for EduPjt_20240830_LAST
2025-09-08 11:46:52,400 [Worker-74: Building] INFO  o.e.m.w.i.f.ResourceFilteringBuildParticipant - Changed resources require a complete clean of filtered resources of EduPjt_20240830_LAST
2025-09-08 11:46:52,401 [Worker-74: Building] INFO  o.e.m.w.i.f.ResourceFilteringBuildParticipant - Executing resource filtering for EduPjt_20240830_LAST
2025-09-08 11:51:40,421 [Worker-83: Cleaning all projects] INFO  o.e.m.w.i.f.ResourceFilteringBuildParticipant - Cleaning filtered folder for EduPjt_20240830_LAST
2025-09-08 11:51:41,169 [Worker-52: Building] INFO  o.e.m.w.i.f.ResourceFilteringBuildParticipant - Changed resources require a complete clean of filtered resources of EduPjt_20240830_LAST
2025-09-08 11:51:41,170 [Worker-52: Building] INFO  o.e.m.w.i.f.ResourceFilteringBuildParticipant - Executing resource filtering for EduPjt_20240830_LAST
2025-09-08 12:05:58,468 [Worker-74: Cleaning all projects] INFO  o.e.m.w.i.f.ResourceFilteringBuildParticipant - Cleaning filtered folder for EduPjt_20240830_LAST
2025-09-08 12:05:58,997 [Worker-84: Building] INFO  o.e.m.w.i.f.ResourceFilteringBuildParticipant - Changed resources require a complete clean of filtered resources of EduPjt_20240830_LAST
2025-09-08 12:05:58,997 [Worker-84: Building] INFO  o.e.m.w.i.f.ResourceFilteringBuildParticipant - Executing resource filtering for EduPjt_20240830_LAST
2025-09-08 12:13:27,222 [Worker-87: Cleaning all projects] INFO  o.e.m.w.i.f.ResourceFilteringBuildParticipant - Cleaning filtered folder for EduPjt_20240830_LAST
2025-09-08 12:13:27,746 [Worker-82: Building] INFO  o.e.m.w.i.f.ResourceFilteringBuildParticipant - Changed resources require a complete clean of filtered resources of EduPjt_20240830_LAST
2025-09-08 12:13:27,746 [Worker-82: Building] INFO  o.e.m.w.i.f.ResourceFilteringBuildParticipant - Executing resource filtering for EduPjt_20240830_LAST
2025-09-08 12:29:16,854 [Worker-91: Building] INFO  o.e.m.w.i.f.ResourceFilteringBuildParticipant - Changed resources require a complete clean of filtered resources of EduPjt_20240830_LAST
2025-09-08 12:29:16,854 [Worker-91: Building] INFO  o.e.m.w.i.f.ResourceFilteringBuildParticipant - Executing resource filtering for EduPjt_20240830_LAST
2025-09-08 12:32:08,482 [Worker-99: Cleaning all projects] INFO  o.e.m.w.i.f.ResourceFilteringBuildParticipant - Cleaning filtered folder for EduPjt_20240830_LAST
2025-09-08 12:32:08,952 [Worker-93: Building] INFO  o.e.m.w.i.f.ResourceFilteringBuildParticipant - Changed resources require a complete clean of filtered resources of EduPjt_20240830_LAST
2025-09-08 12:32:08,952 [Worker-93: Building] INFO  o.e.m.w.i.f.ResourceFilteringBuildParticipant - Executing resource filtering for EduPjt_20240830_LAST
2025-09-09 09:49:27,224 [Worker-101: Cleaning all projects] INFO  o.e.m.w.i.f.ResourceFilteringBuildParticipant - Cleaning filtered folder for Hcnc_Team_Project
2025-09-09 09:49:28,669 [Worker-96: Building] INFO  o.e.m.w.i.f.ResourceFilteringBuildParticipant - Changed resources require a complete clean of filtered resources of Hcnc_Team_Project
2025-09-09 09:49:28,691 [Worker-96: Building] INFO  o.e.m.w.i.f.ResourceFilteringBuildParticipant - Executing resource filtering for Hcnc_Team_Project
2025-09-09 10:06:46,293 [Worker-13: Cleaning all projects] INFO  o.e.m.w.i.f.ResourceFilteringBuildParticipant - Cleaning filtered folder for Hcnc_Team_Project
2025-09-09 10:06:50,624 [Worker-25: Building] INFO  o.e.m.w.i.f.ResourceFilteringBuildParticipant - Changed resources require a complete clean of filtered resources of Hcnc_Team_Project
2025-09-09 10:06:50,629 [Worker-25: Building] INFO  o.e.m.w.i.f.ResourceFilteringBuildParticipant - Executing resource filtering for Hcnc_Team_Project
2025-09-09 10:09:10,645 [Worker-30: Cleaning all projects] INFO  o.e.m.w.i.f.ResourceFilteringBuildParticipant - Cleaning filtered folder for Hcnc_Team_Project
2025-09-09 10:09:11,285 [Worker-18: Building] INFO  o.e.m.w.i.f.ResourceFilteringBuildParticipant - Changed resources require a complete clean of filtered resources of Hcnc_Team_Project
2025-09-09 10:09:11,285 [Worker-18: Building] INFO  o.e.m.w.i.f.ResourceFilteringBuildParticipant - Executing resource filtering for Hcnc_Team_Project
2025-09-09 10:10:14,855 [Worker-13: Cleaning all projects] INFO  o.e.m.w.i.f.ResourceFilteringBuildParticipant - Cleaning filtered folder for Hcnc_Team_Project
2025-09-09 10:10:15,320 [Worker-31: Building] INFO  o.e.m.w.i.f.ResourceFilteringBuildParticipant - Changed resources require a complete clean of filtered resources of Hcnc_Team_Project
2025-09-09 10:10:15,320 [Worker-31: Building] INFO  o.e.m.w.i.f.ResourceFilteringBuildParticipant - Executing resource filtering for Hcnc_Team_Project
2025-09-09 16:25:03,896 [Worker-64: Updating Maven Project] INFO  o.e.m.w.i.f.ResourceFilteringBuildParticipant - Cleaning filtered folder for Hcnc_Team_Project
2025-09-09 16:25:04,562 [Worker-67: Building] INFO  o.e.m.w.i.f.ResourceFilteringBuildParticipant - Changed resources require a complete clean of filtered resources of Hcnc_Team_Project
2025-09-09 16:25:04,564 [Worker-67: Building] INFO  o.e.m.w.i.f.ResourceFilteringBuildParticipant - Executing resource filtering for Hcnc_Team_Project
2025-09-09 18:09:28,345 [Worker-2: Loading available Gradle versions] INFO  o.e.b.c.i.u.g.PublishedGradleVersions - Gradle version information cache is up-to-date. Trying to read.
2025-09-09 18:13:20,663 [Worker-2: Loading available Gradle versions] INFO  o.e.b.c.i.u.g.PublishedGradleVersions - Gradle version information cache is up-to-date. Trying to read.
2025-09-09 18:14:01,317 [Worker-4: Updating Maven Dependencies] INFO  o.e.m.c.i.l.LifecycleMappingFactory - Using org.maven.ide.eclipse.wtp.WarLifecycleMapping lifecycle mapping for MavenProject: com:a:1.0.0 @ C:\Users\LG\Documents\GitHub\hcnc_team_project\Hcnc_Team_Project\pom.xml.
2025-09-09 18:14:01,788 [Worker-23: Building workspace] INFO  o.e.m.c.i.l.LifecycleMappingFactory - Using org.maven.ide.eclipse.wtp.WarLifecycleMapping lifecycle mapping for MavenProject: com:a:1.0.0 @ C:\Users\LG\Documents\GitHub\hcnc_team_project\Hcnc_Team_Project\pom.xml.
2025-09-09 18:14:04,588 [Worker-23: Building workspace] WARN  o.e.m.c.i.embedder.EclipseLogger - Using platform encoding (UTF-8 actually) to copy filtered resources, i.e. build is platform dependent!
2025-09-09 18:14:04,602 [Worker-23: Building workspace] INFO  o.e.m.c.i.embedder.EclipseLogger - Copying 20 resources
2025-09-09 18:14:04,671 [Worker-23: Building workspace] WARN  o.e.m.c.i.embedder.EclipseLogger - Using platform encoding (UTF-8 actually) to copy filtered resources, i.e. build is platform dependent!
2025-09-09 18:14:04,673 [Worker-23: Building workspace] INFO  o.e.m.c.i.embedder.EclipseLogger - skip non existing resourceDirectory C:\Users\LG\Documents\GitHub\hcnc_team_project\Hcnc_Team_Project\src\test\resources
2025-09-09 18:14:06,367 [Worker-16: Building workspace] WARN  o.e.m.c.i.embedder.EclipseLogger - Using platform encoding (UTF-8 actually) to copy filtered resources, i.e. build is platform dependent!
2025-09-09 18:14:06,370 [Worker-16: Building workspace] INFO  o.e.m.c.i.embedder.EclipseLogger - Copying 20 resources
2025-09-09 18:14:06,495 [Worker-16: Building workspace] WARN  o.e.m.c.i.embedder.EclipseLogger - Using platform encoding (UTF-8 actually) to copy filtered resources, i.e. build is platform dependent!
2025-09-09 18:14:06,496 [Worker-16: Building workspace] INFO  o.e.m.c.i.embedder.EclipseLogger - skip non existing resourceDirectory C:\Users\LG\Documents\GitHub\hcnc_team_project\Hcnc_Team_Project\src\test\resources
2025-09-09 18:14:08,349 [Worker-15: Updating Maven Dependencies] INFO  o.e.m.c.i.l.LifecycleMappingFactory - Using org.maven.ide.eclipse.wtp.WarLifecycleMapping lifecycle mapping for MavenProject: com:a:1.0.0 @ C:\Users\LG\Documents\GitHub\hcnc_team_project\Hcnc_Team_Project\pom.xml.
2025-09-09 18:14:25,075 [Worker-11: Building] WARN  o.e.m.c.i.embedder.EclipseLogger - Using platform encoding (UTF-8 actually) to copy filtered resources, i.e. build is platform dependent!
2025-09-09 18:14:25,080 [Worker-11: Building] INFO  o.e.m.c.i.embedder.EclipseLogger - Copying 0 resource
2025-09-09 18:14:25,083 [Worker-11: Building] WARN  o.e.m.c.i.embedder.EclipseLogger - Using platform encoding (UTF-8 actually) to copy filtered resources, i.e. build is platform dependent!
2025-09-09 18:14:25,085 [Worker-11: Building] INFO  o.e.m.c.i.embedder.EclipseLogger - skip non existing resourceDirectory C:\Users\LG\Documents\GitHub\hcnc_team_project\Hcnc_Team_Project\src\test\resources
2025-09-09 18:34:19,830 [Worker-33: Building] WARN  o.e.m.c.i.embedder.EclipseLogger - Using platform encoding (UTF-8 actually) to copy filtered resources, i.e. build is platform dependent!
2025-09-09 18:34:19,837 [Worker-33: Building] INFO  o.e.m.c.i.embedder.EclipseLogger - Copying 20 resources
2025-09-09 18:34:19,849 [Worker-33: Building] WARN  o.e.m.c.i.embedder.EclipseLogger - Using platform encoding (UTF-8 actually) to copy filtered resources, i.e. build is platform dependent!
2025-09-09 18:34:19,850 [Worker-33: Building] INFO  o.e.m.c.i.embedder.EclipseLogger - skip non existing resourceDirectory C:\Users\LG\Documents\GitHub\hcnc_team_project\Hcnc_Team_Project\src\test\resources
2025-09-09 18:34:49,483 [Worker-36: Building] WARN  o.e.m.c.i.embedder.EclipseLogger - Using platform encoding (UTF-8 actually) to copy filtered resources, i.e. build is platform dependent!
2025-09-09 18:34:49,483 [Worker-36: Building] INFO  o.e.m.c.i.embedder.EclipseLogger - Copying 0 resource
2025-09-09 18:34:49,497 [Worker-36: Building] WARN  o.e.m.c.i.embedder.EclipseLogger - Using platform encoding (UTF-8 actually) to copy filtered resources, i.e. build is platform dependent!
2025-09-09 18:34:49,499 [Worker-36: Building] INFO  o.e.m.c.i.embedder.EclipseLogger - skip non existing resourceDirectory C:\Users\LG\Documents\GitHub\hcnc_team_project\Hcnc_Team_Project\src\test\resources
2025-09-09 18:34:52,568 [Worker-34: Building] WARN  o.e.m.c.i.embedder.EclipseLogger - Using platform encoding (UTF-8 actually) to copy filtered resources, i.e. build is platform dependent!
2025-09-09 18:34:52,568 [Worker-34: Building] INFO  o.e.m.c.i.embedder.EclipseLogger - Copying 0 resource
2025-09-09 18:34:52,580 [Worker-34: Building] WARN  o.e.m.c.i.embedder.EclipseLogger - Using platform encoding (UTF-8 actually) to copy filtered resources, i.e. build is platform dependent!
2025-09-09 18:34:52,584 [Worker-34: Building] INFO  o.e.m.c.i.embedder.EclipseLogger - skip non existing resourceDirectory C:\Users\LG\Documents\GitHub\hcnc_team_project\Hcnc_Team_Project\src\test\resources
2025-09-09 18:35:13,901 [Worker-31: Building] WARN  o.e.m.c.i.embedder.EclipseLogger - Using platform encoding (UTF-8 actually) to copy filtered resources, i.e. build is platform dependent!
2025-09-09 18:35:13,908 [Worker-31: Building] INFO  o.e.m.c.i.embedder.EclipseLogger - Copying 0 resource
2025-09-09 18:35:13,910 [Worker-31: Building] WARN  o.e.m.c.i.embedder.EclipseLogger - Using platform encoding (UTF-8 actually) to copy filtered resources, i.e. build is platform dependent!
2025-09-09 18:35:13,910 [Worker-31: Building] INFO  o.e.m.c.i.embedder.EclipseLogger - skip non existing resourceDirectory C:\Users\LG\Documents\GitHub\hcnc_team_project\Hcnc_Team_Project\src\test\resources
2025-09-09 18:42:55,885 [Worker-40: Building] WARN  o.e.m.c.i.embedder.EclipseLogger - Using platform encoding (UTF-8 actually) to copy filtered resources, i.e. build is platform dependent!
2025-09-09 18:42:55,894 [Worker-40: Building] INFO  o.e.m.c.i.embedder.EclipseLogger - Copying 20 resources
2025-09-09 18:42:55,901 [Worker-40: Building] WARN  o.e.m.c.i.embedder.EclipseLogger - Using platform encoding (UTF-8 actually) to copy filtered resources, i.e. build is platform dependent!
2025-09-09 18:42:55,902 [Worker-40: Building] INFO  o.e.m.c.i.embedder.EclipseLogger - skip non existing resourceDirectory C:\Users\LG\Documents\GitHub\hcnc_team_project\Hcnc_Team_Project\src\test\resources
2025-09-09 18:46:18,460 [Worker-42: Building] WARN  o.e.m.c.i.embedder.EclipseLogger - Using platform encoding (UTF-8 actually) to copy filtered resources, i.e. build is platform dependent!
2025-09-09 18:46:18,464 [Worker-42: Building] INFO  o.e.m.c.i.embedder.EclipseLogger - Copying 0 resource
2025-09-09 18:46:18,470 [Worker-42: Building] WARN  o.e.m.c.i.embedder.EclipseLogger - Using platform encoding (UTF-8 actually) to copy filtered resources, i.e. build is platform dependent!
2025-09-09 18:46:18,473 [Worker-42: Building] INFO  o.e.m.c.i.embedder.EclipseLogger - skip non existing resourceDirectory C:\Users\LG\Documents\GitHub\hcnc_team_project\Hcnc_Team_Project\src\test\resources
2025-09-09 18:47:07,971 [Worker-36: Building] WARN  o.e.m.c.i.embedder.EclipseLogger - Using platform encoding (UTF-8 actually) to copy filtered resources, i.e. build is platform dependent!
2025-09-09 18:47:07,976 [Worker-36: Building] INFO  o.e.m.c.i.embedder.EclipseLogger - Copying 0 resource
2025-09-09 18:47:07,982 [Worker-36: Building] WARN  o.e.m.c.i.embedder.EclipseLogger - Using platform encoding (UTF-8 actually) to copy filtered resources, i.e. build is platform dependent!
2025-09-09 18:47:07,983 [Worker-36: Building] INFO  o.e.m.c.i.embedder.EclipseLogger - skip non existing resourceDirectory C:\Users\LG\Documents\GitHub\hcnc_team_project\Hcnc_Team_Project\src\test\resources
2025-09-09 18:47:22,108 [Worker-40: Building] WARN  o.e.m.c.i.embedder.EclipseLogger - Using platform encoding (UTF-8 actually) to copy filtered resources, i.e. build is platform dependent!
2025-09-09 18:47:22,108 [Worker-40: Building] INFO  o.e.m.c.i.embedder.EclipseLogger - Copying 0 resource
2025-09-09 18:47:22,112 [Worker-40: Building] WARN  o.e.m.c.i.embedder.EclipseLogger - Using platform encoding (UTF-8 actually) to copy filtered resources, i.e. build is platform dependent!
2025-09-09 18:47:22,112 [Worker-40: Building] INFO  o.e.m.c.i.embedder.EclipseLogger - skip non existing resourceDirectory C:\Users\LG\Documents\GitHub\hcnc_team_project\Hcnc_Team_Project\src\test\resources
2025-09-09 18:49:55,105 [Worker-42: Building] WARN  o.e.m.c.i.embedder.EclipseLogger - Using platform encoding (UTF-8 actually) to copy filtered resources, i.e. build is platform dependent!
2025-09-09 18:49:55,105 [Worker-42: Building] INFO  o.e.m.c.i.embedder.EclipseLogger - Copying 0 resource
2025-09-09 18:49:55,111 [Worker-42: Building] WARN  o.e.m.c.i.embedder.EclipseLogger - Using platform encoding (UTF-8 actually) to copy filtered resources, i.e. build is platform dependent!
2025-09-09 18:49:55,113 [Worker-42: Building] INFO  o.e.m.c.i.embedder.EclipseLogger - skip non existing resourceDirectory C:\Users\LG\Documents\GitHub\hcnc_team_project\Hcnc_Team_Project\src\test\resources
2025-09-09 18:50:05,371 [Worker-33: Building] WARN  o.e.m.c.i.embedder.EclipseLogger - Using platform encoding (UTF-8 actually) to copy filtered resources, i.e. build is platform dependent!
2025-09-09 18:50:05,373 [Worker-33: Building] INFO  o.e.m.c.i.embedder.EclipseLogger - Copying 0 resource
2025-09-09 18:50:05,373 [Worker-33: Building] WARN  o.e.m.c.i.embedder.EclipseLogger - Using platform encoding (UTF-8 actually) to copy filtered resources, i.e. build is platform dependent!
2025-09-09 18:50:05,373 [Worker-33: Building] INFO  o.e.m.c.i.embedder.EclipseLogger - skip non existing resourceDirectory C:\Users\LG\Documents\GitHub\hcnc_team_project\Hcnc_Team_Project\src\test\resources
2025-09-09 18:54:03,268 [Worker-43: Building] WARN  o.e.m.c.i.embedder.EclipseLogger - Using platform encoding (UTF-8 actually) to copy filtered resources, i.e. build is platform dependent!
2025-09-09 18:54:03,271 [Worker-43: Building] INFO  o.e.m.c.i.embedder.EclipseLogger - Copying 20 resources
2025-09-09 18:54:03,277 [Worker-43: Building] WARN  o.e.m.c.i.embedder.EclipseLogger - Using platform encoding (UTF-8 actually) to copy filtered resources, i.e. build is platform dependent!
2025-09-09 18:54:03,278 [Worker-43: Building] INFO  o.e.m.c.i.embedder.EclipseLogger - skip non existing resourceDirectory C:\Users\LG\Documents\GitHub\hcnc_team_project\Hcnc_Team_Project\src\test\resources
